Arguments: 
  C:\ruanjian\node-v12.19.1-win-x64\node.exe C:\Program Files (x86)\Yarn\bin\yarn.js add connectReduxDevtools -D

PATH: 
  C:\Program Files\Git\mingw64\bin;C:\Program Files\Git\usr\bin;C:\Users\Administrator\bin;C:\Windows\system32;C:\Windows;C:\Windows\System32\Wbem;C:\Windows\System32\WindowsPowerShell\v1.0;C:\Program Files\Git\cmd;C:\Program Files (x86)\Yarn\bin;C:\Program Files\TortoiseGit\bin;C:\Program Files\Git\usr\bin;C:\ruanjian\node-v12.19.1-win-x64;C:\ruanjian\mysql-8.0.26-winx64\bin;C:\Users\Administrator\AppData\Local\Microsoft\WindowsApps;C:\ruanjian\Microsoft VS Code\bin;C:\Users\Administrator\AppData\Roaming\npm;C:\Users\Administrator\AppData\Local\Yarn\bin;C:\Program Files\Git\usr\bin;C:\ruanjian\node-v12.19.1-win-x64

Yarn version: 
  1.21.1

Node version: 
  12.19.1

Platform: 
  win32 x64

Trace: 
  Error: http://registry.medcloud.cn/connectReduxDevtools: no such package available
      at Request.params.callback [as _callback] (C:\Program Files (x86)\Yarn\lib\cli.js:66056:18)
      at Request.self.callback (C:\Program Files (x86)\Yarn\lib\cli.js:140665:22)
      at Request.emit (events.js:314:20)
      at Request.<anonymous> (C:\Program Files (x86)\Yarn\lib\cli.js:141637:10)
      at Request.emit (events.js:314:20)
      at IncomingMessage.<anonymous> (C:\Program Files (x86)\Yarn\lib\cli.js:141559:12)
      at Object.onceWrapper (events.js:420:28)
      at IncomingMessage.emit (events.js:326:22)
      at endReadableNT (_stream_readable.js:1223:12)
      at processTicksAndRejections (internal/process/task_queues.js:84:21)

npm manifest: 
  {
    "name": "frontend-demos",
    "version": "1.0.0",
    "description": "",
    "main": "index.js",
    "scripts": {
      "test": "echo \"Error: no test specified\" && exit 1"
    },
    "keywords": [],
    "author": "",
    "license": "ISC",
    "dependencies": {
      "classnames": "^2.3.1",
      "mobx": "^6.3.2",
      "mobx-react-lite": "^3.2.0",
      "mobx-state-tree": "^5.0.2",
      "todomvc-app-css": "^2.4.1"
    },
    "devDependencies": {
      "remotedev": "^0.2.9"
    }
  }

yarn manifest: 
  No manifest

Lockfile: 
  # THIS IS AN AUTOGENERATED FILE. DO NOT EDIT THIS FILE DIRECTLY.
  # yarn lockfile v1
  
  
  async-limiter@~1.0.0:
    version "1.0.1"
    resolved "http://registry.medcloud.cn/async-limiter/-/async-limiter-1.0.1.tgz#dd379e94f0db8310b08291f9d64c3209766617fd"
    integrity sha1-3TeelPDbgxCwgpH51kwyCXZmF/0=
  
  base-64@0.1.0:
    version "0.1.0"
    resolved "http://registry.medcloud.cn/base-64/-/base-64-0.1.0.tgz#780a99c84e7d600260361511c4877613bf24f6bb"
    integrity sha1-eAqZyE59YAJgNhURxId2E78k9rs=
  
  classnames@^2.3.1:
    version "2.3.1"
    resolved "http://registry.medcloud.cn/classnames/-/classnames-2.3.1.tgz#dfcfa3891e306ec1dad105d0e88f4417b8535e8e"
    integrity sha1-38+jiR4wbsHa0QXQ6I9EF7hTXo4=
  
  clone@2.1.1:
    version "2.1.1"
    resolved "http://registry.medcloud.cn/clone/-/clone-2.1.1.tgz#d217d1e961118e3ac9a4b8bba3285553bf647cdb"
    integrity sha1-0hfR6WERjjrJpLi7oyhVU79kfNs=
  
  component-emitter@1.2.1:
    version "1.2.1"
    resolved "http://registry.medcloud.cn/component-emitter/-/component-emitter-1.2.1.tgz#137918d6d78283f7df7a6b7c5a63e140e69425e6"
    integrity sha1-E3kY1teCg/ffemt8WmPhQOaUJeY=
  
  jsan@^3.1.3:
    version "3.1.13"
    resolved "http://registry.medcloud.cn/jsan/-/jsan-3.1.13.tgz#4de8c7bf8d1cfcd020c313d438f930cec4b91d86"
    integrity sha1-TejHv40c/NAgwxPUOPkwzsS5HYY=
  
  linked-list@0.1.0:
    version "0.1.0"
    resolved "http://registry.medcloud.cn/linked-list/-/linked-list-0.1.0.tgz#798b0ff97d1b92a4fd08480f55aea4e9d49d37bf"
    integrity sha1-eYsP+X0bkqT9CEgPVa6k6dSdN78=
  
  mobx-react-lite@^3.2.0:
    version "3.2.0"
    resolved "http://registry.medcloud.cn/mobx-react-lite/-/mobx-react-lite-3.2.0.tgz#331d7365a6b053378dfe9c087315b4e41c5df69f"
    integrity sha1-Mx1zZaawUzeN/pwIcxW05Bxd9p8=
  
  mobx-state-tree@^5.0.2:
    version "5.0.2"
    resolved "http://registry.medcloud.cn/mobx-state-tree/-/mobx-state-tree-5.0.2.tgz#62c891eb34cf1cd07d758a933307ef5bce83721c"
    integrity sha1-YsiR6zTPHNB9dYqTMwfvW86Dchw=
  
  mobx@^6.3.2:
    version "6.3.2"
    resolved "http://registry.medcloud.cn/mobx/-/mobx-6.3.2.tgz#125590961f702a572c139ab69392bea416d2e51b"
    integrity sha1-ElWQlh9wKlcsE5q2k5K+pBbS5Rs=
  
  querystring@0.2.0:
    version "0.2.0"
    resolved "http://registry.medcloud.cn/querystring/-/querystring-0.2.0.tgz#b209849203bb25df820da756e747005878521620"
    integrity sha1-sgmEkgO7Jd+CDadW50cAWHhSFiA=
  
  querystring@^0.2.0:
    version "0.2.1"
    resolved "http://registry.medcloud.cn/querystring/-/querystring-0.2.1.tgz#40d77615bb09d16902a85c3e38aa8b5ed761c2dd"
    integrity sha1-QNd2FbsJ0WkCqFw+OKqLXtdhwt0=
  
  remotedev@^0.2.9:
    version "0.2.9"
    resolved "http://registry.medcloud.cn/remotedev/-/remotedev-0.2.9.tgz#a5f148704bc6bf6e46e93640cabb7b4ed3f7fc12"
    integrity sha1-pfFIcEvGv25G6TZAyrt7TtP3/BI=
    dependencies:
      jsan "^3.1.3"
      querystring "^0.2.0"
      rn-host-detect "^1.0.1"
      socketcluster-client "^13.0.0"
  
  rn-host-detect@^1.0.1:
    version "1.2.0"
    resolved "http://registry.medcloud.cn/rn-host-detect/-/rn-host-detect-1.2.0.tgz#8b0396fc05631ec60c1cb8789e5070cdb04d0da0"
    integrity sha1-iwOW/AVjHsYMHLh4nlBwzbBNDaA=
  
  sc-channel@^1.2.0:
    version "1.2.0"
    resolved "http://registry.medcloud.cn/sc-channel/-/sc-channel-1.2.0.tgz#d9209f3a91e3fa694c66b011ce55c4ad8c3087d9"
    integrity sha1-2SCfOpHj+mlMZrARzlXErYwwh9k=
    dependencies:
      component-emitter "1.2.1"
  
  sc-errors@^1.4.0:
    version "1.4.1"
    resolved "http://registry.medcloud.cn/sc-errors/-/sc-errors-1.4.1.tgz#53e80030fe647e133d73b51eaa7d2b0f7591fd5b"
    integrity sha512-dBn92iIonpChTxYLgKkIT/PCApvmYT6EPIbRvbQKTgY6tbEbIy8XVUv4pGyKwEK4nCmvX4TKXcN0iXC6tNW6rQ==
  
  sc-formatter@^3.0.1:
    version "3.0.2"
    resolved "http://registry.medcloud.cn/sc-formatter/-/sc-formatter-3.0.2.tgz#9abdb14e71873ce7157714d3002477bbdb33c4e6"
    integrity sha1-mr2xTnGHPOcVdxTTACR3u9szxOY=
  
  socketcluster-client@^13.0.0:
    version "13.0.1"
    resolved "http://registry.medcloud.cn/socketcluster-client/-/socketcluster-client-13.0.1.tgz#920e0a2437c228555e84f8ef0c9c5eb720e6067e"
    integrity sha1-kg4KJDfCKFVehPjvDJxetyDmBn4=
    dependencies:
      base-64 "0.1.0"
      clone "2.1.1"
      component-emitter "1.2.1"
      linked-list "0.1.0"
      querystring "0.2.0"
      sc-channel "^1.2.0"
      sc-errors "^1.4.0"
      sc-formatter "^3.0.1"
      uuid "3.2.1"
      ws "5.1.1"
  
  todomvc-app-css@^2.4.1:
    version "2.4.1"
    resolved "http://registry.medcloud.cn/todomvc-app-css/-/todomvc-app-css-2.4.1.tgz#528b7e40a2d82e01d2756333c8ac34e23b750ff8"
    integrity sha1-Uot+QKLYLgHSdWMzyKw04jt1D/g=
  
  uuid@3.2.1:
    version "3.2.1"
    resolved "http://registry.medcloud.cn/uuid/-/uuid-3.2.1.tgz#12c528bb9d58d0b9265d9a2f6f0fe8be17ff1f14"
    integrity sha1-EsUou51Y0LkmXZovbw/ovhf/HxQ=
  
  ws@5.1.1:
    version "5.1.1"
    resolved "http://registry.medcloud.cn/ws/-/ws-5.1.1.tgz#1d43704689711ac1942fd2f283e38f825c4b8b95"
    integrity sha1-HUNwRolxGsGUL9Lyg+OPglxLi5U=
    dependencies:
      async-limiter "~1.0.0"
